<?xml version="1.0" encoding="UTF-8"?>
<testsuite name="TestNGTest-64cbdac3-abf5-438d-9225-f27f001559f0"
           tests="5"
           failures="0"
           errors="0"
           skipped="0"
           time="0.010">
    <properties></properties>



            <testcase
                name="idGetterSetter"
                time="0.000"
                classname="com.skillstorm.inventory_mgmt.models.WarehouseModelTest">
            </testcase>
            <testcase
                name="nameGetterSetter"
                time="0.001"
                classname="com.skillstorm.inventory_mgmt.models.WarehouseModelTest">
            </testcase>
            <testcase
                name="capacityGetterSetter"
                time="0.001"
                classname="com.skillstorm.inventory_mgmt.models.WarehouseModelTest">
            </testcase>
            <testcase
                name="testToString"
                time="0.007"
                classname="com.skillstorm.inventory_mgmt.models.WarehouseModelTest">
            </testcase>
            <testcase
                name="itemListGetterSetter"
                time="0.001"
                classname="com.skillstorm.inventory_mgmt.models.WarehouseModelTest">
            </testcase>
</testsuite>
